[35m[1mScanning dependencies of target geometry_msgs_generate_messages_lisp[0m
[35m[1mScanning dependencies of target std_msgs_generate_messages_eus[0m
[35m[1mScanning dependencies of target std_srvs_generate_messages_nodejs[0m
[35m[1mScanning dependencies of target roscpp_generate_messages_nodejs[0m
[35m[1mScanning dependencies of target std_msgs_generate_messages_lisp[0m
[  0%] Built target std_srvs_generate_messages_nodejs
[  0%] Built target std_msgs_generate_messages_eus
[  0%] Built target roscpp_generate_messages_nodejs
[  0%] Built target geometry_msgs_generate_messages_lisp
[  0%] Built target std_msgs_generate_messages_lisp
[35m[1mScanning dependencies of target rosgraph_msgs_generate_messages_cpp[0m
[35m[1mScanning dependencies of target geometry_msgs_generate_messages_nodejs[0m
[35m[1mScanning dependencies of target std_srvs_generate_messages_py[0m
[35m[1mScanning dependencies of target geometry_msgs_generate_messages_cpp[0m
[35m[1mScanning dependencies of target rosgraph_msgs_generate_messages_py[0m
[  0%] Built target rosgraph_msgs_generate_messages_cpp
[  0%] Built target geometry_msgs_generate_messages_nodejs
[  0%] Built target std_srvs_generate_messages_py
[  0%] Built target rosgraph_msgs_generate_messages_py
[  0%] Built target geometry_msgs_generate_messages_cpp
[35m[1mScanning dependencies of target roscpp_generate_messages_lisp[0m
[35m[1mScanning dependencies of target geometry_msgs_generate_messages_py[0m
[35m[1mScanning dependencies of target roscpp_generate_messages_cpp[0m
[  0%] Built target roscpp_generate_messages_lisp
[35m[1mScanning dependencies of target std_srvs_generate_messages_cpp[0m
[35m[1mScanning dependencies of target std_msgs_generate_messages_cpp[0m
[  0%] Built target geometry_msgs_generate_messages_py
[  0%] Built target roscpp_generate_messages_cpp
[  0%] Built target std_srvs_generate_messages_cpp
[35m[1mScanning dependencies of target geometry_msgs_generate_messages_eus[0m
[35m[1mScanning dependencies of target std_msgs_generate_messages_nodejs[0m
[35m[1mScanning dependencies of target std_msgs_generate_messages_py[0m
[  0%] Built target std_msgs_generate_messages_cpp
[  0%] Built target geometry_msgs_generate_messages_eus
[35m[1mScanning dependencies of target roscpp_generate_messages_eus[0m
[  0%] Built target std_msgs_generate_messages_py
[  0%] Built target std_msgs_generate_messages_nodejs
[35m[1mScanning dependencies of target roscpp_generate_messages_py[0m
[35m[1mScanning dependencies of target rosgraph_msgs_generate_messages_eus[0m
[  0%] Built target roscpp_generate_messages_eus
[35m[1mScanning dependencies of target rosgraph_msgs_generate_messages_lisp[0m
[35m[1mScanning dependencies of target rosgraph_msgs_generate_messages_nodejs[0m
[  0%] Built target roscpp_generate_messages_py
[  0%] Built target rosgraph_msgs_generate_messages_eus
[35m[1mScanning dependencies of target std_srvs_generate_messages_eus[0m
[  0%] Built target rosgraph_msgs_generate_messages_nodejs
[  0%] Built target rosgraph_msgs_generate_messages_lisp
[35m[1mScanning dependencies of target std_srvs_generate_messages_lisp[0m
[  0%] Built target std_srvs_generate_messages_eus
[  0%] Built target std_srvs_generate_messages_lisp
[35m[1mScanning dependencies of target minimal_node[0m
[ 50%] [32mBuilding CXX object CMakeFiles/minimal_node.dir/src/minimal_node_main.cpp.o[0m
[01m[K/home/msbrdm_student/ur10_ws/src/tum_ics_schunk_netbox/src/minimal_node_main.cpp:[m[K In function ‘[01m[Kint main(int, char**)[m[K’:
[01m[K/home/msbrdm_student/ur10_ws/src/tum_ics_schunk_netbox/src/minimal_node_main.cpp:63:19:[m[K [01;35m[Kwarning: [m[KISO C++ forbids converting a string constant to ‘[01m[Kchar*[m[K’ [[01;35m[K-Wwrite-strings[m[K]
   63 |   char *AXES[] = {[01;35m[K"Fx"[m[K, "Fy", "Fz", "Tx", "Ty", "Tz"}; // The names of the force and torque axes.
      |                   [01;35m[K^~~~[m[K
[01m[K/home/msbrdm_student/ur10_ws/src/tum_ics_schunk_netbox/src/minimal_node_main.cpp:63:25:[m[K [01;35m[Kwarning: [m[KISO C++ forbids converting a string constant to ‘[01m[Kchar*[m[K’ [[01;35m[K-Wwrite-strings[m[K]
   63 |   char *AXES[] = {"Fx", [01;35m[K"Fy"[m[K, "Fz", "Tx", "Ty", "Tz"}; // The names of the force and torque axes.
      |                         [01;35m[K^~~~[m[K
[01m[K/home/msbrdm_student/ur10_ws/src/tum_ics_schunk_netbox/src/minimal_node_main.cpp:63:31:[m[K [01;35m[Kwarning: [m[KISO C++ forbids converting a string constant to ‘[01m[Kchar*[m[K’ [[01;35m[K-Wwrite-strings[m[K]
   63 |   char *AXES[] = {"Fx", "Fy", [01;35m[K"Fz"[m[K, "Tx", "Ty", "Tz"}; // The names of the force and torque axes.
      |                               [01;35m[K^~~~[m[K
[01m[K/home/msbrdm_student/ur10_ws/src/tum_ics_schunk_netbox/src/minimal_node_main.cpp:63:37:[m[K [01;35m[Kwarning: [m[KISO C++ forbids converting a string constant to ‘[01m[Kchar*[m[K’ [[01;35m[K-Wwrite-strings[m[K]
   63 |   char *AXES[] = {"Fx", "Fy", "Fz", [01;35m[K"Tx"[m[K, "Ty", "Tz"}; // The names of the force and torque axes.
      |                                     [01;35m[K^~~~[m[K
[01m[K/home/msbrdm_student/ur10_ws/src/tum_ics_schunk_netbox/src/minimal_node_main.cpp:63:43:[m[K [01;35m[Kwarning: [m[KISO C++ forbids converting a string constant to ‘[01m[Kchar*[m[K’ [[01;35m[K-Wwrite-strings[m[K]
   63 |   char *AXES[] = {"Fx", "Fy", "Fz", "Tx", [01;35m[K"Ty"[m[K, "Tz"}; // The names of the force and torque axes.
      |                                           [01;35m[K^~~~[m[K
[01m[K/home/msbrdm_student/ur10_ws/src/tum_ics_schunk_netbox/src/minimal_node_main.cpp:63:49:[m[K [01;35m[Kwarning: [m[KISO C++ forbids converting a string constant to ‘[01m[Kchar*[m[K’ [[01;35m[K-Wwrite-strings[m[K]
   63 |   char *AXES[] = {"Fx", "Fy", "Fz", "Tx", "Ty", [01;35m[K"Tz"[m[K}; // The names of the force and torque axes.
      |                                                 [01;35m[K^~~~[m[K
[100%] [32m[1mLinking CXX executable /home/msbrdm_student/ur10_ws/devel/.private/tum_ics_schunk_netbox/lib/tum_ics_schunk_netbox/minimal_node[0m
[100%] Built target minimal_node
